{"/Users/shiva.gunasehkaran/Documents/React_workspace/SampleBlog/src/constants/index.js": {"path":"/Users/shiva.gunasehkaran/Documents/React_workspace/SampleBlog/src/constants/index.js","statementMap":{"0":{"start":{"line":4,"column":18},"end":{"line":7,"column":1}}},"fnMap":{},"branchMap":{},"s":{"0":1},"f":{},"b":{},"_coverageSchema":"43e27e138ebf9cfc5966b082cf9a028302ed4184","hash":"50b5f002fa1ce924d4a0bdb4e4fd5dbd16711fa8"}
,"/Users/shiva.gunasehkaran/Documents/React_workspace/SampleBlog/src/constants/oses.js": {"path":"/Users/shiva.gunasehkaran/Documents/React_workspace/SampleBlog/src/constants/oses.js","statementMap":{"0":{"start":{"line":1,"column":13},"end":{"line":4,"column":1}}},"fnMap":{},"branchMap":{},"s":{"0":1},"f":{},"b":{},"_coverageSchema":"43e27e138ebf9cfc5966b082cf9a028302ed4184","hash":"d1e9f9b0c1ef8484b7a4fbf02ee8e6bad15adf3d"}
,"/Users/shiva.gunasehkaran/Documents/React_workspace/SampleBlog/src/constants/url.js": {"path":"/Users/shiva.gunasehkaran/Documents/React_workspace/SampleBlog/src/constants/url.js","statementMap":{"0":{"start":{"line":1,"column":13},"end":{"line":3,"column":1}}},"fnMap":{},"branchMap":{},"s":{"0":1},"f":{},"b":{},"_coverageSchema":"43e27e138ebf9cfc5966b082cf9a028302ed4184","hash":"3cf5b3d6c17603df99c3977a30c76daa9968ad07"}
,"/Users/shiva.gunasehkaran/Documents/React_workspace/SampleBlog/src/themes/index.js": {"path":"/Users/shiva.gunasehkaran/Documents/React_workspace/SampleBlog/src/themes/index.js","statementMap":{"0":{"start":{"line":3,"column":14},"end":{"line":5,"column":1}}},"fnMap":{},"branchMap":{},"s":{"0":4},"f":{},"b":{},"_coverageSchema":"43e27e138ebf9cfc5966b082cf9a028302ed4184","hash":"6636b2653b5ccdc5f422561424f1220b99a7999f"}
,"/Users/shiva.gunasehkaran/Documents/React_workspace/SampleBlog/src/themes/colors/index.js": {"path":"/Users/shiva.gunasehkaran/Documents/React_workspace/SampleBlog/src/themes/colors/index.js","statementMap":{"0":{"start":{"line":1,"column":15},"end":{"line":11,"column":1}}},"fnMap":{},"branchMap":{},"s":{"0":4},"f":{},"b":{},"_coverageSchema":"43e27e138ebf9cfc5966b082cf9a028302ed4184","hash":"4b5833c0bb1e488dae78df82300ef31f95e7782a"}
,"/Users/shiva.gunasehkaran/Documents/React_workspace/SampleBlog/src/views/screens/AddBlog/AddBlog.js": {"path":"/Users/shiva.gunasehkaran/Documents/React_workspace/SampleBlog/src/views/screens/AddBlog/AddBlog.js","statementMap":{"0":{"start":{"line":6,"column":31},"end":{"line":11,"column":6}},"1":{"start":{"line":6,"column":50},"end":{"line":11,"column":5}},"2":{"start":{"line":14,"column":8},"end":{"line":14,"column":21}},"3":{"start":{"line":15,"column":8},"end":{"line":18,"column":10}},"4":{"start":{"line":21,"column":18},"end":{"line":23,"column":5}},"5":{"start":{"line":22,"column":8},"end":{"line":22,"column":37}},"6":{"start":{"line":25,"column":20},"end":{"line":27,"column":5}},"7":{"start":{"line":26,"column":8},"end":{"line":26,"column":39}},"8":{"start":{"line":29,"column":11},"end":{"line":31,"column":5}},"9":{"start":{"line":30,"column":8},"end":{"line":30,"column":58}},"10":{"start":{"line":33,"column":21},"end":{"line":64,"column":5}},"11":{"start":{"line":34,"column":8},"end":{"line":63,"column":10}},"12":{"start":{"line":58,"column":30},"end":{"line":58,"column":77}},"13":{"start":{"line":67,"column":8},"end":{"line":71,"column":10}},"14":{"start":{"line":75,"column":15},"end":{"line":101,"column":2}}},"fnMap":{"0":{"name":"(anonymous_0)","decl":{"start":{"line":6,"column":31},"end":{"line":6,"column":32}},"loc":{"start":{"line":6,"column":50},"end":{"line":11,"column":5}},"line":6},"1":{"name":"(anonymous_1)","decl":{"start":{"line":13,"column":4},"end":{"line":13,"column":5}},"loc":{"start":{"line":13,"column":23},"end":{"line":19,"column":5}},"line":13},"2":{"name":"(anonymous_2)","decl":{"start":{"line":21,"column":18},"end":{"line":21,"column":19}},"loc":{"start":{"line":21,"column":28},"end":{"line":23,"column":5}},"line":21},"3":{"name":"(anonymous_3)","decl":{"start":{"line":25,"column":20},"end":{"line":25,"column":21}},"loc":{"start":{"line":25,"column":30},"end":{"line":27,"column":5}},"line":25},"4":{"name":"(anonymous_4)","decl":{"start":{"line":29,"column":11},"end":{"line":29,"column":12}},"loc":{"start":{"line":29,"column":31},"end":{"line":31,"column":5}},"line":29},"5":{"name":"(anonymous_5)","decl":{"start":{"line":33,"column":21},"end":{"line":33,"column":22}},"loc":{"start":{"line":33,"column":27},"end":{"line":64,"column":5}},"line":33},"6":{"name":"(anonymous_6)","decl":{"start":{"line":58,"column":24},"end":{"line":58,"column":25}},"loc":{"start":{"line":58,"column":30},"end":{"line":58,"column":77}},"line":58},"7":{"name":"(anonymous_7)","decl":{"start":{"line":66,"column":4},"end":{"line":66,"column":5}},"loc":{"start":{"line":66,"column":13},"end":{"line":72,"column":5}},"line":66}},"branchMap":{},"s":{"0":1,"1":0,"2":1,"3":1,"4":1,"5":0,"6":1,"7":0,"8":1,"9":0,"10":1,"11":1,"12":0,"13":1,"14":1},"f":{"0":0,"1":1,"2":0,"3":0,"4":0,"5":1,"6":0,"7":1},"b":{},"_coverageSchema":"43e27e138ebf9cfc5966b082cf9a028302ed4184","hash":"0c84c95a4c6cdddb2adb2304f89aa659fbaffddb"}
,"/Users/shiva.gunasehkaran/Documents/React_workspace/SampleBlog/src/views/screens/EditBlog/EditBlog.js": {"path":"/Users/shiva.gunasehkaran/Documents/React_workspace/SampleBlog/src/views/screens/EditBlog/EditBlog.js","statementMap":{"0":{"start":{"line":6,"column":31},"end":{"line":11,"column":6}},"1":{"start":{"line":6,"column":50},"end":{"line":11,"column":5}},"2":{"start":{"line":14,"column":8},"end":{"line":14,"column":21}},"3":{"start":{"line":15,"column":8},"end":{"line":18,"column":10}},"4":{"start":{"line":21,"column":18},"end":{"line":23,"column":5}},"5":{"start":{"line":22,"column":8},"end":{"line":22,"column":37}},"6":{"start":{"line":25,"column":20},"end":{"line":27,"column":5}},"7":{"start":{"line":26,"column":8},"end":{"line":26,"column":39}},"8":{"start":{"line":29,"column":11},"end":{"line":31,"column":5}},"9":{"start":{"line":30,"column":8},"end":{"line":30,"column":58}},"10":{"start":{"line":33,"column":25},"end":{"line":64,"column":5}},"11":{"start":{"line":34,"column":8},"end":{"line":63,"column":10}},"12":{"start":{"line":58,"column":30},"end":{"line":58,"column":77}},"13":{"start":{"line":67,"column":8},"end":{"line":71,"column":10}},"14":{"start":{"line":75,"column":15},"end":{"line":101,"column":2}}},"fnMap":{"0":{"name":"(anonymous_0)","decl":{"start":{"line":6,"column":31},"end":{"line":6,"column":32}},"loc":{"start":{"line":6,"column":50},"end":{"line":11,"column":5}},"line":6},"1":{"name":"(anonymous_1)","decl":{"start":{"line":13,"column":4},"end":{"line":13,"column":5}},"loc":{"start":{"line":13,"column":23},"end":{"line":19,"column":5}},"line":13},"2":{"name":"(anonymous_2)","decl":{"start":{"line":21,"column":18},"end":{"line":21,"column":19}},"loc":{"start":{"line":21,"column":28},"end":{"line":23,"column":5}},"line":21},"3":{"name":"(anonymous_3)","decl":{"start":{"line":25,"column":20},"end":{"line":25,"column":21}},"loc":{"start":{"line":25,"column":30},"end":{"line":27,"column":5}},"line":25},"4":{"name":"(anonymous_4)","decl":{"start":{"line":29,"column":11},"end":{"line":29,"column":12}},"loc":{"start":{"line":29,"column":31},"end":{"line":31,"column":5}},"line":29},"5":{"name":"(anonymous_5)","decl":{"start":{"line":33,"column":25},"end":{"line":33,"column":26}},"loc":{"start":{"line":33,"column":31},"end":{"line":64,"column":5}},"line":33},"6":{"name":"(anonymous_6)","decl":{"start":{"line":58,"column":24},"end":{"line":58,"column":25}},"loc":{"start":{"line":58,"column":30},"end":{"line":58,"column":77}},"line":58},"7":{"name":"(anonymous_7)","decl":{"start":{"line":66,"column":4},"end":{"line":66,"column":5}},"loc":{"start":{"line":66,"column":13},"end":{"line":72,"column":5}},"line":66}},"branchMap":{},"s":{"0":1,"1":0,"2":1,"3":1,"4":1,"5":0,"6":1,"7":0,"8":1,"9":0,"10":1,"11":1,"12":0,"13":1,"14":1},"f":{"0":0,"1":1,"2":0,"3":0,"4":0,"5":1,"6":0,"7":1},"b":{},"_coverageSchema":"43e27e138ebf9cfc5966b082cf9a028302ed4184","hash":"fce49eacd190c464afc11567c21f30a9a784cc27"}
,"/Users/shiva.gunasehkaran/Documents/React_workspace/SampleBlog/src/views/screens/Home/Home.js": {"path":"/Users/shiva.gunasehkaran/Documents/React_workspace/SampleBlog/src/views/screens/Home/Home.js","statementMap":{"0":{"start":{"line":9,"column":31},"end":{"line":20,"column":6}},"1":{"start":{"line":9,"column":50},"end":{"line":20,"column":5}},"2":{"start":{"line":16,"column":33},"end":{"line":16,"column":63}},"3":{"start":{"line":23,"column":8},"end":{"line":23,"column":21}},"4":{"start":{"line":24,"column":8},"end":{"line":27,"column":10}},"5":{"start":{"line":31,"column":8},"end":{"line":39,"column":48}},"6":{"start":{"line":32,"column":30},"end":{"line":32,"column":45}},"7":{"start":{"line":34,"column":16},"end":{"line":37,"column":19}},"8":{"start":{"line":39,"column":28},"end":{"line":39,"column":46}},"9":{"start":{"line":42,"column":28},"end":{"line":51,"column":5}},"10":{"start":{"line":43,"column":8},"end":{"line":50,"column":10}},"11":{"start":{"line":53,"column":24},"end":{"line":55,"column":5}},"12":{"start":{"line":54,"column":8},"end":{"line":54,"column":71}},"13":{"start":{"line":58,"column":8},"end":{"line":64,"column":9}},"14":{"start":{"line":59,"column":12},"end":{"line":63,"column":14}},"15":{"start":{"line":65,"column":8},"end":{"line":75,"column":10}},"16":{"start":{"line":70,"column":44},"end":{"line":71,"column":107}},"17":{"start":{"line":71,"column":70},"end":{"line":71,"column":103}},"18":{"start":{"line":72,"column":42},"end":{"line":72,"column":60}},"19":{"start":{"line":79,"column":15},"end":{"line":84,"column":2}}},"fnMap":{"0":{"name":"(anonymous_0)","decl":{"start":{"line":9,"column":31},"end":{"line":9,"column":32}},"loc":{"start":{"line":9,"column":50},"end":{"line":20,"column":5}},"line":9},"1":{"name":"(anonymous_1)","decl":{"start":{"line":16,"column":27},"end":{"line":16,"column":28}},"loc":{"start":{"line":16,"column":33},"end":{"line":16,"column":63}},"line":16},"2":{"name":"(anonymous_2)","decl":{"start":{"line":22,"column":4},"end":{"line":22,"column":5}},"loc":{"start":{"line":22,"column":23},"end":{"line":28,"column":5}},"line":22},"3":{"name":"(anonymous_3)","decl":{"start":{"line":30,"column":4},"end":{"line":30,"column":5}},"loc":{"start":{"line":30,"column":24},"end":{"line":40,"column":5}},"line":30},"4":{"name":"(anonymous_4)","decl":{"start":{"line":32,"column":18},"end":{"line":32,"column":19}},"loc":{"start":{"line":32,"column":30},"end":{"line":32,"column":45}},"line":32},"5":{"name":"(anonymous_5)","decl":{"start":{"line":33,"column":18},"end":{"line":33,"column":19}},"loc":{"start":{"line":33,"column":36},"end":{"line":38,"column":13}},"line":33},"6":{"name":"(anonymous_6)","decl":{"start":{"line":39,"column":19},"end":{"line":39,"column":20}},"loc":{"start":{"line":39,"column":28},"end":{"line":39,"column":46}},"line":39},"7":{"name":"(anonymous_7)","decl":{"start":{"line":42,"column":28},"end":{"line":42,"column":29}},"loc":{"start":{"line":42,"column":34},"end":{"line":51,"column":5}},"line":42},"8":{"name":"(anonymous_8)","decl":{"start":{"line":53,"column":24},"end":{"line":53,"column":25}},"loc":{"start":{"line":53,"column":33},"end":{"line":55,"column":5}},"line":53},"9":{"name":"(anonymous_9)","decl":{"start":{"line":57,"column":4},"end":{"line":57,"column":5}},"loc":{"start":{"line":57,"column":13},"end":{"line":76,"column":5}},"line":57},"10":{"name":"(anonymous_10)","decl":{"start":{"line":70,"column":32},"end":{"line":70,"column":33}},"loc":{"start":{"line":70,"column":44},"end":{"line":71,"column":107}},"line":70},"11":{"name":"(anonymous_11)","decl":{"start":{"line":71,"column":64},"end":{"line":71,"column":65}},"loc":{"start":{"line":71,"column":70},"end":{"line":71,"column":103}},"line":71},"12":{"name":"(anonymous_12)","decl":{"start":{"line":72,"column":34},"end":{"line":72,"column":35}},"loc":{"start":{"line":72,"column":42},"end":{"line":72,"column":60}},"line":72}},"branchMap":{"0":{"loc":{"start":{"line":58,"column":8},"end":{"line":64,"column":9}},"type":"if","locations":[{"start":{"line":58,"column":8},"end":{"line":64,"column":9}},{"start":{"line":58,"column":8},"end":{"line":64,"column":9}}],"line":58}},"s":{"0":1,"1":0,"2":0,"3":1,"4":1,"5":1,"6":0,"7":0,"8":0,"9":1,"10":0,"11":1,"12":0,"13":1,"14":1,"15":0,"16":0,"17":0,"18":0,"19":1},"f":{"0":0,"1":0,"2":1,"3":1,"4":0,"5":0,"6":0,"7":0,"8":0,"9":1,"10":0,"11":0,"12":0},"b":{"0":[1,0]},"_coverageSchema":"43e27e138ebf9cfc5966b082cf9a028302ed4184","hash":"f57bf7a86d31b4846c52b04141393ad78680de10"}
,"/Users/shiva.gunasehkaran/Documents/React_workspace/SampleBlog/src/views/screens/Home/components/BlogsItem.js": {"path":"/Users/shiva.gunasehkaran/Documents/React_workspace/SampleBlog/src/views/screens/Home/components/BlogsItem.js","statementMap":{"0":{"start":{"line":6,"column":23},"end":{"line":8,"column":5}},"1":{"start":{"line":11,"column":28},"end":{"line":11,"column":38}},"2":{"start":{"line":12,"column":8},"end":{"line":18,"column":10}},"3":{"start":{"line":24,"column":15},"end":{"line":33,"column":2}}},"fnMap":{"0":{"name":"(anonymous_0)","decl":{"start":{"line":10,"column":4},"end":{"line":10,"column":5}},"loc":{"start":{"line":10,"column":13},"end":{"line":19,"column":5}},"line":10}},"branchMap":{},"s":{"0":1,"1":0,"2":0,"3":1},"f":{"0":0},"b":{},"_coverageSchema":"43e27e138ebf9cfc5966b082cf9a028302ed4184","hash":"e0febef08d9c05a4970b22ec2772fe69d61746de"}
,"/Users/shiva.gunasehkaran/Documents/React_workspace/SampleBlog/src/views/screens/ShowBlog/ShowBlog.js": {"path":"/Users/shiva.gunasehkaran/Documents/React_workspace/SampleBlog/src/views/screens/ShowBlog/ShowBlog.js","statementMap":{"0":{"start":{"line":7,"column":31},"end":{"line":18,"column":6}},"1":{"start":{"line":7,"column":50},"end":{"line":18,"column":5}},"2":{"start":{"line":14,"column":33},"end":{"line":14,"column":64}},"3":{"start":{"line":21,"column":8},"end":{"line":21,"column":21}},"4":{"start":{"line":25,"column":26},"end":{"line":25,"column":69}},"5":{"start":{"line":26,"column":8},"end":{"line":37,"column":10}},"6":{"start":{"line":41,"column":15},"end":{"line":65,"column":2}}},"fnMap":{"0":{"name":"(anonymous_0)","decl":{"start":{"line":7,"column":31},"end":{"line":7,"column":32}},"loc":{"start":{"line":7,"column":50},"end":{"line":18,"column":5}},"line":7},"1":{"name":"(anonymous_1)","decl":{"start":{"line":14,"column":27},"end":{"line":14,"column":28}},"loc":{"start":{"line":14,"column":33},"end":{"line":14,"column":64}},"line":14},"2":{"name":"(anonymous_2)","decl":{"start":{"line":20,"column":4},"end":{"line":20,"column":5}},"loc":{"start":{"line":20,"column":23},"end":{"line":22,"column":5}},"line":20},"3":{"name":"(anonymous_3)","decl":{"start":{"line":24,"column":4},"end":{"line":24,"column":5}},"loc":{"start":{"line":24,"column":13},"end":{"line":38,"column":5}},"line":24}},"branchMap":{},"s":{"0":1,"1":0,"2":0,"3":1,"4":1,"5":0,"6":1},"f":{"0":0,"1":0,"2":1,"3":1},"b":{},"_coverageSchema":"43e27e138ebf9cfc5966b082cf9a028302ed4184","hash":"ece7fd379f4c7318eeb7c12ac82ec5d5ff421eff"}
}
