TN:
SF:/Users/shiva.gunasehkaran/Documents/React_workspace/SampleBlog/src/constants/index.js
FNF:0
FNH:0
DA:4,1
LF:1
LH:1
BRF:0
BRH:0
end_of_record
TN:
SF:/Users/shiva.gunasehkaran/Documents/React_workspace/SampleBlog/src/constants/oses.js
FNF:0
FNH:0
DA:1,1
LF:1
LH:1
BRF:0
BRH:0
end_of_record
TN:
SF:/Users/shiva.gunasehkaran/Documents/React_workspace/SampleBlog/src/constants/url.js
FNF:0
FNH:0
DA:1,1
LF:1
LH:1
BRF:0
BRH:0
end_of_record
TN:
SF:/Users/shiva.gunasehkaran/Documents/React_workspace/SampleBlog/src/themes/index.js
FNF:0
FNH:0
DA:3,4
LF:1
LH:1
BRF:0
BRH:0
end_of_record
TN:
SF:/Users/shiva.gunasehkaran/Documents/React_workspace/SampleBlog/src/themes/colors/index.js
FNF:0
FNH:0
DA:1,4
LF:1
LH:1
BRF:0
BRH:0
end_of_record
TN:
SF:/Users/shiva.gunasehkaran/Documents/React_workspace/SampleBlog/src/views/screens/AddBlog/AddBlog.js
FN:6,(anonymous_0)
FN:13,(anonymous_1)
FN:21,(anonymous_2)
FN:25,(anonymous_3)
FN:29,(anonymous_4)
FN:33,(anonymous_5)
FN:58,(anonymous_6)
FN:66,(anonymous_7)
FNF:8
FNH:3
FNDA:0,(anonymous_0)
FNDA:1,(anonymous_1)
FNDA:0,(anonymous_2)
FNDA:0,(anonymous_3)
FNDA:0,(anonymous_4)
FNDA:1,(anonymous_5)
FNDA:0,(anonymous_6)
FNDA:1,(anonymous_7)
DA:6,1
DA:14,1
DA:15,1
DA:21,1
DA:22,0
DA:25,1
DA:26,0
DA:29,1
DA:30,0
DA:33,1
DA:34,1
DA:58,0
DA:67,1
DA:75,1
LF:14
LH:10
BRF:0
BRH:0
end_of_record
TN:
SF:/Users/shiva.gunasehkaran/Documents/React_workspace/SampleBlog/src/views/screens/EditBlog/EditBlog.js
FN:6,(anonymous_0)
FN:13,(anonymous_1)
FN:21,(anonymous_2)
FN:25,(anonymous_3)
FN:29,(anonymous_4)
FN:33,(anonymous_5)
FN:58,(anonymous_6)
FN:66,(anonymous_7)
FNF:8
FNH:3
FNDA:0,(anonymous_0)
FNDA:1,(anonymous_1)
FNDA:0,(anonymous_2)
FNDA:0,(anonymous_3)
FNDA:0,(anonymous_4)
FNDA:1,(anonymous_5)
FNDA:0,(anonymous_6)
FNDA:1,(anonymous_7)
DA:6,1
DA:14,1
DA:15,1
DA:21,1
DA:22,0
DA:25,1
DA:26,0
DA:29,1
DA:30,0
DA:33,1
DA:34,1
DA:58,0
DA:67,1
DA:75,1
LF:14
LH:10
BRF:0
BRH:0
end_of_record
TN:
SF:/Users/shiva.gunasehkaran/Documents/React_workspace/SampleBlog/src/views/screens/Home/Home.js
FN:9,(anonymous_0)
FN:16,(anonymous_1)
FN:22,(anonymous_2)
FN:30,(anonymous_3)
FN:32,(anonymous_4)
FN:33,(anonymous_5)
FN:39,(anonymous_6)
FN:42,(anonymous_7)
FN:53,(anonymous_8)
FN:57,(anonymous_9)
FN:70,(anonymous_10)
FN:71,(anonymous_11)
FN:72,(anonymous_12)
FNF:13
FNH:3
FNDA:0,(anonymous_0)
FNDA:0,(anonymous_1)
FNDA:1,(anonymous_2)
FNDA:1,(anonymous_3)
FNDA:0,(anonymous_4)
FNDA:0,(anonymous_5)
FNDA:0,(anonymous_6)
FNDA:0,(anonymous_7)
FNDA:0,(anonymous_8)
FNDA:1,(anonymous_9)
FNDA:0,(anonymous_10)
FNDA:0,(anonymous_11)
FNDA:0,(anonymous_12)
DA:9,1
DA:16,0
DA:23,1
DA:24,1
DA:31,1
DA:32,0
DA:34,0
DA:39,0
DA:42,1
DA:43,0
DA:53,1
DA:54,0
DA:58,1
DA:59,1
DA:65,0
DA:70,0
DA:71,0
DA:72,0
DA:79,1
LF:19
LH:9
BRDA:58,0,0,1
BRDA:58,0,1,0
BRF:2
BRH:1
end_of_record
TN:
SF:/Users/shiva.gunasehkaran/Documents/React_workspace/SampleBlog/src/views/screens/Home/components/BlogsItem.js
FN:10,(anonymous_0)
FNF:1
FNH:0
FNDA:0,(anonymous_0)
DA:6,1
DA:11,0
DA:12,0
DA:24,1
LF:4
LH:2
BRF:0
BRH:0
end_of_record
TN:
SF:/Users/shiva.gunasehkaran/Documents/React_workspace/SampleBlog/src/views/screens/ShowBlog/ShowBlog.js
FN:7,(anonymous_0)
FN:14,(anonymous_1)
FN:20,(anonymous_2)
FN:24,(anonymous_3)
FNF:4
FNH:2
FNDA:0,(anonymous_0)
FNDA:0,(anonymous_1)
FNDA:1,(anonymous_2)
FNDA:1,(anonymous_3)
DA:7,1
DA:14,0
DA:21,1
DA:25,1
DA:26,0
DA:41,1
LF:6
LH:4
BRF:0
BRH:0
end_of_record
